<?xml version="1.0" encoding="UTF-8"?>
<!-- Generated by org.testng.reporters.JUnitXMLReporter -->
<testsuite ignored="1" hostname="DESKTOP-LL4U9MF" failures="0" tests="1" name="Default test" time="45.509" errors="0" timestamp="2024-11-16T19:54:03 EET">
  <testcase classname="Tests.Login_PostiveTest" name="Function_toRegister" time="38.243"/>
  <testcase classname="Tests.Login_PostiveTest" name="LoginwithCorrect_Email" time="0.0">
    <ignored/>
  </testcase> <!-- LoginwithCorrect_Email -->
</testsuite> <!-- Default test -->
