<?xml version="1.0" encoding="UTF-8"?>
<testng-results ignored="0" total="1" passed="1" failed="0" skipped="0">
  <reporter-output>
  </reporter-output>
  <suite started-at="2024-11-16T19:53:17 EET" name="Default suite" finished-at="2024-11-16T19:54:03 EET" duration-ms="45509">
    <groups>
    </groups>
    <test started-at="2024-11-16T19:53:17 EET" name="Default test" finished-at="2024-11-16T19:54:03 EET" duration-ms="45509">
      <class name="Tests.Login_PostiveTest">
        <test-method is-config="true" signature="OpenBrowser()[pri:0, instance:Tests.Login_PostiveTest@40005471]" started-at="2024-11-16T19:53:17 EET" name="OpenBrowser" finished-at="2024-11-16T19:53:24 EET" duration-ms="6865" status="PASS">
          <reporter-output>
          </reporter-output>
        </test-method> <!-- OpenBrowser -->
        <test-method signature="Function_toRegister()[pri:2, instance:Tests.Login_PostiveTest@40005471]" started-at="2024-11-16T19:53:24 EET" name="Function_toRegister" finished-at="2024-11-16T19:54:03 EET" duration-ms="38243" status="PASS">
          <reporter-output>
          </reporter-output>
        </test-method> <!-- Function_toRegister -->
        <test-method is-config="true" signature="CloseBrowser()[pri:0, instance:Tests.Login_PostiveTest@40005471]" started-at="2024-11-16T19:54:03 EET" name="CloseBrowser" finished-at="2024-11-16T19:54:03 EET" duration-ms="325" status="PASS">
          <reporter-output>
          </reporter-output>
        </test-method> <!-- CloseBrowser -->
      </class> <!-- Tests.Login_PostiveTest -->
    </test> <!-- Default test -->
  </suite> <!-- Default suite -->
</testng-results>
