<?xml version="1.0" encoding="UTF-8"?>
<!-- Generated by org.testng.reporters.JUnitXMLReporter -->
<testsuite ignored="0" hostname="DESKTOP-LL4U9MF" failures="0" tests="7" name="Register With Exist Email" time="62.664" errors="0" timestamp="2024-10-19T18:19:27 EEST">
  <testcase classname="Tests.Register_NegativeTest" name="Register_withExist_Email" time="10.19"/>
  <testcase classname="Tests.Register_NegativeTest" name="Register_Invalid_Email_Withoutdomain" time="5.434"/>
  <testcase classname="Tests.Register_NegativeTest" name="Register_withInvalid_Email" time="5.912"/>
  <testcase classname="Tests.Register_NegativeTest" name="Register_withspacesIn_Email" time="5.6"/>
  <testcase classname="Tests.Register_NegativeTest" name="Register_withsBlankname" time="6.664"/>
  <testcase classname="Tests.Register_NegativeTest" name="Register_withsBlankemail" time="6.411"/>
  <testcase classname="Tests.Register_NegativeTest" name="Register_withMandatoryBlank" time="12.44"/>
</testsuite> <!-- Register With Exist Email -->
